
*** Running vivado
    with args -log device.vds -m64 -product Vivado -mode batch -messageDb vivado.pb -notrace -source device.tcl



****** Vivado v2022.1 (64-bit)
  **** SW Build 3526262 on Mon Apr 18 15:48:16 MDT 2022
  **** IP Build 3524634 on Mon Apr 18 20:55:01 MDT 2022
    ** Copyright 1986-2022 Xilinx, Inc. All Rights Reserved.

source device.tcl -notrace
Command: read_checkpoint -auto_incremental -incremental D:/Archivos/Documentos/Universidad/2022.2/IPD432/Gitlab/Tarea_3_fullcomb/Tarea_3_fullcomb.srcs/utils_1/imports/synth_2/device.dcp
INFO: [Vivado 12-5825] Read reference checkpoint from D:/Archivos/Documentos/Universidad/2022.2/IPD432/Gitlab/Tarea_3_fullcomb/Tarea_3_fullcomb.srcs/utils_1/imports/synth_2/device.dcp for incremental synthesis
INFO: [Vivado 12-7989] Please ensure there are no constraint changes
Command: synth_design -top device -part xc7a100tcsg324-1
Starting synth_design
Attempting to get a license for feature 'Synthesis' and/or device 'xc7a100t'
INFO: [Common 17-349] Got license for feature 'Synthesis' and/or device 'xc7a100t'
INFO: [Device 21-403] Loading part xc7a100tcsg324-1
INFO: [Synth 8-7079] Multithreading enabled for synth_design using a maximum of 2 processes.
INFO: [Synth 8-7078] Launching helper process for spawning children vivado processes
INFO: [Synth 8-7075] Helper process launched with PID 12292
---------------------------------------------------------------------------------
Starting RTL Elaboration : Time (s): cpu = 00:00:06 ; elapsed = 00:00:06 . Memory (MB): peak = 1282.289 ; gain = 0.000
---------------------------------------------------------------------------------
INFO: [Synth 8-6157] synthesizing module 'device' [D:/Archivos/Documentos/Universidad/2022.2/IPD432/Gitlab/Tarea_3_fullcomb/Tarea_3_fullcomb.srcs/sources_1/imports/sources_1/device.sv:2]
INFO: [Synth 8-6157] synthesizing module 'clk_wiz_0' [D:/Archivos/Documentos/Universidad/2022.2/IPD432/Gitlab/Tarea_3_fullcomb/Tarea_3_fullcomb.runs/synth_2/.Xil/Vivado-7996-LAPTOP-VMLVOQLM/realtime/clk_wiz_0_stub.v:5]
INFO: [Synth 8-6155] done synthesizing module 'clk_wiz_0' (0#1) [D:/Archivos/Documentos/Universidad/2022.2/IPD432/Gitlab/Tarea_3_fullcomb/Tarea_3_fullcomb.runs/synth_2/.Xil/Vivado-7996-LAPTOP-VMLVOQLM/realtime/clk_wiz_0_stub.v:5]
INFO: [Synth 8-6157] synthesizing module 'uart_basic' [D:/Archivos/Documentos/Universidad/2022.2/IPD432/Gitlab/Tarea_3_fullcomb/Tarea_3_fullcomb.srcs/sources_1/imports/sources_1/uart_basic.v:10]
	Parameter CLK_FREQUENCY bound to: 30000000 - type: integer 
	Parameter BAUD_RATE bound to: 115200 - type: integer 
INFO: [Synth 8-6157] synthesizing module 'uart_baud_tick_gen' [D:/Archivos/Documentos/Universidad/2022.2/IPD432/Gitlab/Tarea_3_fullcomb/Tarea_3_fullcomb.srcs/sources_1/imports/sources_1/uart_baud_tick_gen.v:11]
	Parameter CLK_FREQUENCY bound to: 30000000 - type: integer 
	Parameter BAUD_RATE bound to: 115200 - type: integer 
	Parameter OVERSAMPLING bound to: 8 - type: integer 
INFO: [Synth 8-6155] done synthesizing module 'uart_baud_tick_gen' (0#1) [D:/Archivos/Documentos/Universidad/2022.2/IPD432/Gitlab/Tarea_3_fullcomb/Tarea_3_fullcomb.srcs/sources_1/imports/sources_1/uart_baud_tick_gen.v:11]
INFO: [Synth 8-6157] synthesizing module 'uart_rx' [D:/Archivos/Documentos/Universidad/2022.2/IPD432/Gitlab/Tarea_3_fullcomb/Tarea_3_fullcomb.srcs/sources_1/imports/sources_1/uart_rx.v:10]
INFO: [Synth 8-6157] synthesizing module 'data_sync' [D:/Archivos/Documentos/Universidad/2022.2/IPD432/Gitlab/Tarea_3_fullcomb/Tarea_3_fullcomb.srcs/sources_1/imports/sources_1/data_sync.v:11]
INFO: [Synth 8-6155] done synthesizing module 'data_sync' (0#1) [D:/Archivos/Documentos/Universidad/2022.2/IPD432/Gitlab/Tarea_3_fullcomb/Tarea_3_fullcomb.srcs/sources_1/imports/sources_1/data_sync.v:11]
INFO: [Synth 8-155] case statement is not full and has no default [D:/Archivos/Documentos/Universidad/2022.2/IPD432/Gitlab/Tarea_3_fullcomb/Tarea_3_fullcomb.srcs/sources_1/imports/sources_1/uart_rx.v:78]
INFO: [Synth 8-6155] done synthesizing module 'uart_rx' (0#1) [D:/Archivos/Documentos/Universidad/2022.2/IPD432/Gitlab/Tarea_3_fullcomb/Tarea_3_fullcomb.srcs/sources_1/imports/sources_1/uart_rx.v:10]
INFO: [Synth 8-6157] synthesizing module 'uart_baud_tick_gen__parameterized0' [D:/Archivos/Documentos/Universidad/2022.2/IPD432/Gitlab/Tarea_3_fullcomb/Tarea_3_fullcomb.srcs/sources_1/imports/sources_1/uart_baud_tick_gen.v:11]
	Parameter CLK_FREQUENCY bound to: 30000000 - type: integer 
	Parameter BAUD_RATE bound to: 115200 - type: integer 
	Parameter OVERSAMPLING bound to: 1 - type: integer 
INFO: [Synth 8-6155] done synthesizing module 'uart_baud_tick_gen__parameterized0' (0#1) [D:/Archivos/Documentos/Universidad/2022.2/IPD432/Gitlab/Tarea_3_fullcomb/Tarea_3_fullcomb.srcs/sources_1/imports/sources_1/uart_baud_tick_gen.v:11]
INFO: [Synth 8-6157] synthesizing module 'uart_tx' [D:/Archivos/Documentos/Universidad/2022.2/IPD432/Gitlab/Tarea_3_fullcomb/Tarea_3_fullcomb.srcs/sources_1/imports/sources_1/uart_tx.v:10]
INFO: [Synth 8-6155] done synthesizing module 'uart_tx' (0#1) [D:/Archivos/Documentos/Universidad/2022.2/IPD432/Gitlab/Tarea_3_fullcomb/Tarea_3_fullcomb.srcs/sources_1/imports/sources_1/uart_tx.v:10]
INFO: [Synth 8-6155] done synthesizing module 'uart_basic' (0#1) [D:/Archivos/Documentos/Universidad/2022.2/IPD432/Gitlab/Tarea_3_fullcomb/Tarea_3_fullcomb.srcs/sources_1/imports/sources_1/uart_basic.v:10]
INFO: [Synth 8-6157] synthesizing module 'counter_with_inc' [D:/Archivos/Documentos/Universidad/2022.2/IPD432/Gitlab/Tarea_3_fullcomb/Tarea_3_fullcomb.srcs/sources_1/imports/sources_1/counter_with_inc.sv:1]
	Parameter n bound to: 10 - type: integer 
INFO: [Synth 8-6155] done synthesizing module 'counter_with_inc' (0#1) [D:/Archivos/Documentos/Universidad/2022.2/IPD432/Gitlab/Tarea_3_fullcomb/Tarea_3_fullcomb.srcs/sources_1/imports/sources_1/counter_with_inc.sv:1]
INFO: [Synth 8-6157] synthesizing module 'byte_to_mem' [D:/Archivos/Documentos/Universidad/2022.2/IPD432/Gitlab/Tarea_3_fullcomb/Tarea_3_fullcomb.srcs/sources_1/new/byte_to_mem.sv:1]
	Parameter WIDTH bound to: 1024 - type: integer 
	Parameter DEEPTH bound to: 8 - type: integer 
INFO: [Synth 8-6155] done synthesizing module 'byte_to_mem' (0#1) [D:/Archivos/Documentos/Universidad/2022.2/IPD432/Gitlab/Tarea_3_fullcomb/Tarea_3_fullcomb.srcs/sources_1/new/byte_to_mem.sv:1]
INFO: [Synth 8-6157] synthesizing module 'DRAM' [D:/Archivos/Documentos/Universidad/2022.2/IPD432/Gitlab/Tarea_3_fullcomb/Tarea_3_fullcomb.srcs/sources_1/new/DRAM.sv:1]
	Parameter WIDTH bound to: 1024 - type: integer 
	Parameter DEEPTH bound to: 8 - type: integer 
INFO: [Synth 8-6155] done synthesizing module 'DRAM' (0#1) [D:/Archivos/Documentos/Universidad/2022.2/IPD432/Gitlab/Tarea_3_fullcomb/Tarea_3_fullcomb.srcs/sources_1/new/DRAM.sv:1]
INFO: [Synth 8-6157] synthesizing module 'mem_to_byte' [D:/Archivos/Documentos/Universidad/2022.2/IPD432/Gitlab/Tarea_3_fullcomb/Tarea_3_fullcomb.srcs/sources_1/new/mem_to_byte.sv:1]
	Parameter WIDTH bound to: 1024 - type: integer 
	Parameter DEEPTH bound to: 8 - type: integer 
INFO: [Synth 8-6155] done synthesizing module 'mem_to_byte' (0#1) [D:/Archivos/Documentos/Universidad/2022.2/IPD432/Gitlab/Tarea_3_fullcomb/Tarea_3_fullcomb.srcs/sources_1/new/mem_to_byte.sv:1]
INFO: [Synth 8-6157] synthesizing module 'save_and_transmit' [D:/Archivos/Documentos/Universidad/2022.2/IPD432/Gitlab/Tarea_3_fullcomb/Tarea_3_fullcomb.srcs/sources_1/new/save_and_transmit.sv:1]
	Parameter WIDTH bound to: 1024 - type: integer 
	Parameter DEEPTH bound to: 8 - type: integer 
INFO: [Synth 8-155] case statement is not full and has no default [D:/Archivos/Documentos/Universidad/2022.2/IPD432/Gitlab/Tarea_3_fullcomb/Tarea_3_fullcomb.srcs/sources_1/new/save_and_transmit.sv:23]
INFO: [Synth 8-6155] done synthesizing module 'save_and_transmit' (0#1) [D:/Archivos/Documentos/Universidad/2022.2/IPD432/Gitlab/Tarea_3_fullcomb/Tarea_3_fullcomb.srcs/sources_1/new/save_and_transmit.sv:1]
INFO: [Synth 8-6157] synthesizing module 'info_to_7seg' [D:/Archivos/Documentos/Universidad/2022.2/IPD432/Gitlab/Tarea_3_fullcomb/Tarea_3_fullcomb.srcs/sources_1/imports/sources_1/info_to_7seg.sv:1]
INFO: [Synth 8-6157] synthesizing module 'bin2bcd' [D:/Archivos/Documentos/Universidad/2022.2/IPD432/Gitlab/Tarea_3_fullcomb/Tarea_3_fullcomb.srcs/sources_1/imports/sources_1/double_dabble.v:1]
INFO: [Synth 8-6155] done synthesizing module 'bin2bcd' (0#1) [D:/Archivos/Documentos/Universidad/2022.2/IPD432/Gitlab/Tarea_3_fullcomb/Tarea_3_fullcomb.srcs/sources_1/imports/sources_1/double_dabble.v:1]
INFO: [Synth 8-6157] synthesizing module 'bcd2seg' [D:/Archivos/Documentos/Universidad/2022.2/IPD432/Gitlab/Tarea_3_fullcomb/Tarea_3_fullcomb.srcs/sources_1/imports/sources_1/BCD.sv:3]
INFO: [Synth 8-226] default block is never used [D:/Archivos/Documentos/Universidad/2022.2/IPD432/Gitlab/Tarea_3_fullcomb/Tarea_3_fullcomb.srcs/sources_1/imports/sources_1/BCD.sv:11]
INFO: [Synth 8-6155] done synthesizing module 'bcd2seg' (0#1) [D:/Archivos/Documentos/Universidad/2022.2/IPD432/Gitlab/Tarea_3_fullcomb/Tarea_3_fullcomb.srcs/sources_1/imports/sources_1/BCD.sv:3]
INFO: [Synth 8-6157] synthesizing module 'multiplexing' [D:/Archivos/Documentos/Universidad/2022.2/IPD432/Gitlab/Tarea_3_fullcomb/Tarea_3_fullcomb.srcs/sources_1/imports/sources_1/Multiplexing.sv:3]
	Parameter freq bound to: 120 - type: integer 
INFO: [Synth 8-6157] synthesizing module 'timer' [D:/Archivos/Documentos/Universidad/2022.2/IPD432/Gitlab/Tarea_3_fullcomb/Tarea_3_fullcomb.srcs/sources_1/imports/sources_1/timer.sv:1]
	Parameter n_clycles_count bound to: 31250 - type: integer 
INFO: [Synth 8-6155] done synthesizing module 'timer' (0#1) [D:/Archivos/Documentos/Universidad/2022.2/IPD432/Gitlab/Tarea_3_fullcomb/Tarea_3_fullcomb.srcs/sources_1/imports/sources_1/timer.sv:1]
INFO: [Synth 8-6157] synthesizing module 'counter_with_inc__parameterized0' [D:/Archivos/Documentos/Universidad/2022.2/IPD432/Gitlab/Tarea_3_fullcomb/Tarea_3_fullcomb.srcs/sources_1/imports/sources_1/counter_with_inc.sv:1]
	Parameter n bound to: 3 - type: integer 
INFO: [Synth 8-6155] done synthesizing module 'counter_with_inc__parameterized0' (0#1) [D:/Archivos/Documentos/Universidad/2022.2/IPD432/Gitlab/Tarea_3_fullcomb/Tarea_3_fullcomb.srcs/sources_1/imports/sources_1/counter_with_inc.sv:1]
INFO: [Synth 8-226] default block is never used [D:/Archivos/Documentos/Universidad/2022.2/IPD432/Gitlab/Tarea_3_fullcomb/Tarea_3_fullcomb.srcs/sources_1/imports/sources_1/Multiplexing.sv:33]
INFO: [Synth 8-226] default block is never used [D:/Archivos/Documentos/Universidad/2022.2/IPD432/Gitlab/Tarea_3_fullcomb/Tarea_3_fullcomb.srcs/sources_1/imports/sources_1/Multiplexing.sv:44]
INFO: [Synth 8-6155] done synthesizing module 'multiplexing' (0#1) [D:/Archivos/Documentos/Universidad/2022.2/IPD432/Gitlab/Tarea_3_fullcomb/Tarea_3_fullcomb.srcs/sources_1/imports/sources_1/Multiplexing.sv:3]
INFO: [Synth 8-6155] done synthesizing module 'info_to_7seg' (0#1) [D:/Archivos/Documentos/Universidad/2022.2/IPD432/Gitlab/Tarea_3_fullcomb/Tarea_3_fullcomb.srcs/sources_1/imports/sources_1/info_to_7seg.sv:1]
INFO: [Synth 8-6157] synthesizing module 'operation' [D:/Archivos/Documentos/Universidad/2022.2/IPD432/Gitlab/Tarea_3_fullcomb/Tarea_3_fullcomb.srcs/sources_1/new/operations.sv:1]
	Parameter WIDTH bound to: 1024 - type: integer 
	Parameter DEEPTH bound to: 8 - type: integer 
INFO: [Synth 8-6157] synthesizing module 'data_enable' [D:/Archivos/Documentos/Universidad/2022.2/IPD432/Gitlab/Tarea_3_fullcomb/Tarea_3_fullcomb.srcs/sources_1/new/data_enable.sv:1]
	Parameter WIDTH bound to: 1024 - type: integer 
	Parameter DEEPTH bound to: 8 - type: integer 
INFO: [Synth 8-6155] done synthesizing module 'data_enable' (0#1) [D:/Archivos/Documentos/Universidad/2022.2/IPD432/Gitlab/Tarea_3_fullcomb/Tarea_3_fullcomb.srcs/sources_1/new/data_enable.sv:1]
INFO: [Synth 8-6157] synthesizing module 'n_bit_multiadder' [D:/Archivos/Documentos/Universidad/2022.2/IPD432/Gitlab/Tarea_3_fullcomb/Tarea_3_fullcomb.srcs/sources_1/new/n_bit_multiadder.sv:1]
	Parameter WIDTH bound to: 1024 - type: integer 
	Parameter DEEPTH bound to: 8 - type: integer 
INFO: [Synth 8-6155] done synthesizing module 'n_bit_multiadder' (0#1) [D:/Archivos/Documentos/Universidad/2022.2/IPD432/Gitlab/Tarea_3_fullcomb/Tarea_3_fullcomb.srcs/sources_1/new/n_bit_multiadder.sv:1]
INFO: [Synth 8-6157] synthesizing module 'ManDisOperation' [D:/Archivos/Documentos/Universidad/2022.2/IPD432/Gitlab/Tarea_3_fullcomb/Tarea_3_fullcomb.srcs/sources_1/imports/sources_1/ManDisOperation.sv:1]
	Parameter WIDTH bound to: 1024 - type: integer 
	Parameter DEEPTH bound to: 8 - type: integer 
INFO: [Synth 8-6157] synthesizing module 'adder_tree' [D:/Archivos/Documentos/Universidad/2022.2/IPD432/Gitlab/Tarea_3_fullcomb/Tarea_3_fullcomb.srcs/sources_1/new/adder_tree.sv:1]
	Parameter WIDTH bound to: 1024 - type: integer 
	Parameter DEEPTH bound to: 8 - type: integer 
	Parameter LENGTH bound to: 18 - type: integer 
INFO: [Synth 8-6157] synthesizing module 'adder_tree__parameterized0' [D:/Archivos/Documentos/Universidad/2022.2/IPD432/Gitlab/Tarea_3_fullcomb/Tarea_3_fullcomb.srcs/sources_1/new/adder_tree.sv:1]
	Parameter WIDTH bound to: 512 - type: integer 
	Parameter DEEPTH bound to: 9 - type: integer 
INFO: [Synth 8-6157] synthesizing module 'adder_tree__parameterized1' [D:/Archivos/Documentos/Universidad/2022.2/IPD432/Gitlab/Tarea_3_fullcomb/Tarea_3_fullcomb.srcs/sources_1/new/adder_tree.sv:1]
	Parameter WIDTH bound to: 256 - type: integer 
	Parameter DEEPTH bound to: 10 - type: integer 
INFO: [Synth 8-6157] synthesizing module 'adder_tree__parameterized2' [D:/Archivos/Documentos/Universidad/2022.2/IPD432/Gitlab/Tarea_3_fullcomb/Tarea_3_fullcomb.srcs/sources_1/new/adder_tree.sv:1]
	Parameter WIDTH bound to: 128 - type: integer 
	Parameter DEEPTH bound to: 11 - type: integer 
INFO: [Synth 8-6157] synthesizing module 'adder_tree__parameterized3' [D:/Archivos/Documentos/Universidad/2022.2/IPD432/Gitlab/Tarea_3_fullcomb/Tarea_3_fullcomb.srcs/sources_1/new/adder_tree.sv:1]
	Parameter WIDTH bound to: 64 - type: integer 
	Parameter DEEPTH bound to: 12 - type: integer 
INFO: [Synth 8-6157] synthesizing module 'adder_tree__parameterized4' [D:/Archivos/Documentos/Universidad/2022.2/IPD432/Gitlab/Tarea_3_fullcomb/Tarea_3_fullcomb.srcs/sources_1/new/adder_tree.sv:1]
	Parameter WIDTH bound to: 32 - type: integer 
	Parameter DEEPTH bound to: 13 - type: integer 
INFO: [Synth 8-6157] synthesizing module 'adder_tree__parameterized5' [D:/Archivos/Documentos/Universidad/2022.2/IPD432/Gitlab/Tarea_3_fullcomb/Tarea_3_fullcomb.srcs/sources_1/new/adder_tree.sv:1]
	Parameter WIDTH bound to: 16 - type: integer 
	Parameter DEEPTH bound to: 14 - type: integer 
INFO: [Synth 8-6157] synthesizing module 'adder_tree__parameterized6' [D:/Archivos/Documentos/Universidad/2022.2/IPD432/Gitlab/Tarea_3_fullcomb/Tarea_3_fullcomb.srcs/sources_1/new/adder_tree.sv:1]
	Parameter WIDTH bound to: 8 - type: integer 
	Parameter DEEPTH bound to: 15 - type: integer 
INFO: [Synth 8-6157] synthesizing module 'adder_tree__parameterized7' [D:/Archivos/Documentos/Universidad/2022.2/IPD432/Gitlab/Tarea_3_fullcomb/Tarea_3_fullcomb.srcs/sources_1/new/adder_tree.sv:1]
	Parameter WIDTH bound to: 4 - type: integer 
	Parameter DEEPTH bound to: 16 - type: integer 
INFO: [Synth 8-6157] synthesizing module 'adder_tree__parameterized8' [D:/Archivos/Documentos/Universidad/2022.2/IPD432/Gitlab/Tarea_3_fullcomb/Tarea_3_fullcomb.srcs/sources_1/new/adder_tree.sv:1]
	Parameter WIDTH bound to: 2 - type: integer 
	Parameter DEEPTH bound to: 17 - type: integer 
INFO: [Synth 8-6155] done synthesizing module 'adder_tree__parameterized8' (0#1) [D:/Archivos/Documentos/Universidad/2022.2/IPD432/Gitlab/Tarea_3_fullcomb/Tarea_3_fullcomb.srcs/sources_1/new/adder_tree.sv:1]
INFO: [Synth 8-6155] done synthesizing module 'adder_tree__parameterized7' (0#1) [D:/Archivos/Documentos/Universidad/2022.2/IPD432/Gitlab/Tarea_3_fullcomb/Tarea_3_fullcomb.srcs/sources_1/new/adder_tree.sv:1]
INFO: [Synth 8-6155] done synthesizing module 'adder_tree__parameterized6' (0#1) [D:/Archivos/Documentos/Universidad/2022.2/IPD432/Gitlab/Tarea_3_fullcomb/Tarea_3_fullcomb.srcs/sources_1/new/adder_tree.sv:1]
INFO: [Synth 8-6155] done synthesizing module 'adder_tree__parameterized5' (0#1) [D:/Archivos/Documentos/Universidad/2022.2/IPD432/Gitlab/Tarea_3_fullcomb/Tarea_3_fullcomb.srcs/sources_1/new/adder_tree.sv:1]
INFO: [Synth 8-6155] done synthesizing module 'adder_tree__parameterized4' (0#1) [D:/Archivos/Documentos/Universidad/2022.2/IPD432/Gitlab/Tarea_3_fullcomb/Tarea_3_fullcomb.srcs/sources_1/new/adder_tree.sv:1]
INFO: [Synth 8-6155] done synthesizing module 'adder_tree__parameterized3' (0#1) [D:/Archivos/Documentos/Universidad/2022.2/IPD432/Gitlab/Tarea_3_fullcomb/Tarea_3_fullcomb.srcs/sources_1/new/adder_tree.sv:1]
INFO: [Synth 8-6155] done synthesizing module 'adder_tree__parameterized2' (0#1) [D:/Archivos/Documentos/Universidad/2022.2/IPD432/Gitlab/Tarea_3_fullcomb/Tarea_3_fullcomb.srcs/sources_1/new/adder_tree.sv:1]
INFO: [Synth 8-6155] done synthesizing module 'adder_tree__parameterized1' (0#1) [D:/Archivos/Documentos/Universidad/2022.2/IPD432/Gitlab/Tarea_3_fullcomb/Tarea_3_fullcomb.srcs/sources_1/new/adder_tree.sv:1]
INFO: [Synth 8-6155] done synthesizing module 'adder_tree__parameterized0' (0#1) [D:/Archivos/Documentos/Universidad/2022.2/IPD432/Gitlab/Tarea_3_fullcomb/Tarea_3_fullcomb.srcs/sources_1/new/adder_tree.sv:1]
INFO: [Synth 8-6155] done synthesizing module 'adder_tree' (0#1) [D:/Archivos/Documentos/Universidad/2022.2/IPD432/Gitlab/Tarea_3_fullcomb/Tarea_3_fullcomb.srcs/sources_1/new/adder_tree.sv:1]
INFO: [Synth 8-6155] done synthesizing module 'ManDisOperation' (0#1) [D:/Archivos/Documentos/Universidad/2022.2/IPD432/Gitlab/Tarea_3_fullcomb/Tarea_3_fullcomb.srcs/sources_1/imports/sources_1/ManDisOperation.sv:1]
INFO: [Synth 8-6155] done synthesizing module 'operation' (0#1) [D:/Archivos/Documentos/Universidad/2022.2/IPD432/Gitlab/Tarea_3_fullcomb/Tarea_3_fullcomb.srcs/sources_1/new/operations.sv:1]
INFO: [Synth 8-155] case statement is not full and has no default [D:/Archivos/Documentos/Universidad/2022.2/IPD432/Gitlab/Tarea_3_fullcomb/Tarea_3_fullcomb.srcs/sources_1/imports/sources_1/device.sv:142]
WARNING: [Synth 8-4446] all outputs are unconnected for this instance and logic may be removed [D:/Archivos/Documentos/Universidad/2022.2/IPD432/Gitlab/Tarea_3_fullcomb/Tarea_3_fullcomb.srcs/sources_1/imports/sources_1/device.sv:192]
INFO: [Synth 8-6157] synthesizing module 'ila_0' [D:/Archivos/Documentos/Universidad/2022.2/IPD432/Gitlab/Tarea_3_fullcomb/Tarea_3_fullcomb.runs/synth_2/.Xil/Vivado-7996-LAPTOP-VMLVOQLM/realtime/ila_0_stub.v:5]
INFO: [Synth 8-6155] done synthesizing module 'ila_0' (0#1) [D:/Archivos/Documentos/Universidad/2022.2/IPD432/Gitlab/Tarea_3_fullcomb/Tarea_3_fullcomb.runs/synth_2/.Xil/Vivado-7996-LAPTOP-VMLVOQLM/realtime/ila_0_stub.v:5]
INFO: [Synth 8-6155] done synthesizing module 'device' (0#1) [D:/Archivos/Documentos/Universidad/2022.2/IPD432/Gitlab/Tarea_3_fullcomb/Tarea_3_fullcomb.srcs/sources_1/imports/sources_1/device.sv:2]
INFO: [Synth 8-6071] Mark debug on the nets applies keep_hierarchy on instance 'uart_logic'. This will prevent further optimization [D:/Archivos/Documentos/Universidad/2022.2/IPD432/Gitlab/Tarea_3_fullcomb/Tarea_3_fullcomb.srcs/sources_1/imports/sources_1/device.sv:32]
INFO: [Synth 8-6071] Mark debug on the nets applies keep_hierarchy on instance 'ILA'. This will prevent further optimization [D:/Archivos/Documentos/Universidad/2022.2/IPD432/Gitlab/Tarea_3_fullcomb/Tarea_3_fullcomb.srcs/sources_1/imports/sources_1/device.sv:192]
INFO: [Synth 8-6071] Mark debug on the nets applies keep_hierarchy on instance 'math_operations'. This will prevent further optimization [D:/Archivos/Documentos/Universidad/2022.2/IPD432/Gitlab/Tarea_3_fullcomb/Tarea_3_fullcomb.srcs/sources_1/imports/sources_1/device.sv:102]
INFO: [Synth 8-6071] Mark debug on the nets applies keep_hierarchy on instance 'mem_out_control'. This will prevent further optimization [D:/Archivos/Documentos/Universidad/2022.2/IPD432/Gitlab/Tarea_3_fullcomb/Tarea_3_fullcomb.srcs/sources_1/imports/sources_1/device.sv:83]
INFO: [Synth 8-6071] Mark debug on the nets applies keep_hierarchy on instance 'mem_out'. This will prevent further optimization [D:/Archivos/Documentos/Universidad/2022.2/IPD432/Gitlab/Tarea_3_fullcomb/Tarea_3_fullcomb.srcs/sources_1/imports/sources_1/device.sv:73]
---------------------------------------------------------------------------------
Finished RTL Elaboration : Time (s): cpu = 00:02:21 ; elapsed = 00:02:30 . Memory (MB): peak = 3871.590 ; gain = 2589.301
---------------------------------------------------------------------------------
---------------------------------------------------------------------------------
Start Handling Custom Attributes
---------------------------------------------------------------------------------
---------------------------------------------------------------------------------
Finished Handling Custom Attributes : Time (s): cpu = 00:02:21 ; elapsed = 00:02:31 . Memory (MB): peak = 3871.590 ; gain = 2589.301
---------------------------------------------------------------------------------
---------------------------------------------------------------------------------
Finished RTL Optimization Phase 1 : Time (s): cpu = 00:02:21 ; elapsed = 00:02:31 . Memory (MB): peak = 3871.590 ; gain = 2589.301
---------------------------------------------------------------------------------
Netlist sorting complete. Time (s): cpu = 00:00:04 ; elapsed = 00:00:05 . Memory (MB): peak = 3871.590 ; gain = 0.000
INFO: [Project 1-570] Preparing netlist for logic optimization

Processing XDC Constraints
Initializing timing engine
Parsing XDC File [d:/Archivos/Documentos/Universidad/2022.2/IPD432/Gitlab/Tarea_3_fullcomb/Tarea_3_fullcomb.gen/sources_1/ip/clk_wiz_0/clk_wiz_0/clk_wiz_0_in_context.xdc] for cell 'clkwiz'
Finished Parsing XDC File [d:/Archivos/Documentos/Universidad/2022.2/IPD432/Gitlab/Tarea_3_fullcomb/Tarea_3_fullcomb.gen/sources_1/ip/clk_wiz_0/clk_wiz_0/clk_wiz_0_in_context.xdc] for cell 'clkwiz'
Parsing XDC File [d:/Archivos/Documentos/Universidad/2022.2/IPD432/Gitlab/Tarea_3_fullcomb/Tarea_3_fullcomb.gen/sources_1/ip/ila_0/ila_0/ila_0_in_context.xdc] for cell 'ILA'
Finished Parsing XDC File [d:/Archivos/Documentos/Universidad/2022.2/IPD432/Gitlab/Tarea_3_fullcomb/Tarea_3_fullcomb.gen/sources_1/ip/ila_0/ila_0/ila_0_in_context.xdc] for cell 'ILA'
Parsing XDC File [D:/Archivos/Documentos/Universidad/2022.2/IPD432/Gitlab/Tarea_3_fullcomb/Tarea_3_fullcomb.srcs/constrs_1/imports/constrs_1/Nexys-A7-100T-Master.xdc]
Finished Parsing XDC File [D:/Archivos/Documentos/Universidad/2022.2/IPD432/Gitlab/Tarea_3_fullcomb/Tarea_3_fullcomb.srcs/constrs_1/imports/constrs_1/Nexys-A7-100T-Master.xdc]
INFO: [Project 1-236] Implementation specific constraints were found while reading constraint file [D:/Archivos/Documentos/Universidad/2022.2/IPD432/Gitlab/Tarea_3_fullcomb/Tarea_3_fullcomb.srcs/constrs_1/imports/constrs_1/Nexys-A7-100T-Master.xdc]. These constraints will be ignored for synthesis but will be used in implementation. Impacted constraints are listed in the file [.Xil/device_propImpl.xdc].
Resolution: To avoid this warning, move constraints listed in [.Xil/device_propImpl.xdc] to another XDC file and exclude this new file from synthesis with the used_in_synthesis property (File Properties dialog in GUI) and re-run elaboration/synthesis.
Completed Processing XDC Constraints

Netlist sorting complete. Time (s): cpu = 00:00:00 ; elapsed = 00:00:00.009 . Memory (MB): peak = 3871.590 ; gain = 0.000
INFO: [Project 1-111] Unisim Transformation Summary:
No Unisim elements were transformed.

Constraint Validation Runtime : Time (s): cpu = 00:00:01 ; elapsed = 00:00:00.190 . Memory (MB): peak = 3871.590 ; gain = 0.000
---------------------------------------------------------------------------------
Finished Constraint Validation : Time (s): cpu = 00:03:19 ; elapsed = 00:03:29 . Memory (MB): peak = 3871.590 ; gain = 2589.301
---------------------------------------------------------------------------------
---------------------------------------------------------------------------------
Start Loading Part and Timing Information
---------------------------------------------------------------------------------
Loading part: xc7a100tcsg324-1
---------------------------------------------------------------------------------
Finished Loading Part and Timing Information : Time (s): cpu = 00:03:19 ; elapsed = 00:03:29 . Memory (MB): peak = 3871.590 ; gain = 2589.301
---------------------------------------------------------------------------------
WARNING: [Synth 8-6702] IncrSynth : Design change found in an area of the design that prevents previous synthesis information being used, Reverting to default synthesis
---------------------------------------------------------------------------------
Finished Doing Graph Differ : Time (s): cpu = 00:03:24 ; elapsed = 00:03:34 . Memory (MB): peak = 3871.590 ; gain = 2589.301
---------------------------------------------------------------------------------
---------------------------------------------------------------------------------
Finished Preparing Guide Design : Time (s): cpu = 00:03:24 ; elapsed = 00:03:34 . Memory (MB): peak = 3871.590 ; gain = 2589.301
---------------------------------------------------------------------------------
INFO: [Synth 8-802] inferred FSM for state register 'state_reg' in module 'uart_rx'
INFO: [Synth 8-802] inferred FSM for state register 'state_reg' in module 'uart_tx'
INFO: [Synth 8-802] inferred FSM for state register 'state_reg' in module 'save_and_transmit'
---------------------------------------------------------------------------------------------------
                   State |                     New Encoding |                Previous Encoding 
---------------------------------------------------------------------------------------------------
                 RX_IDLE |                              000 |                              000
                RX_START |                              001 |                              001
                 RX_RECV |                              010 |                              010
                 RX_STOP |                              011 |                              011
                RX_READY |                              100 |                              100
---------------------------------------------------------------------------------------------------
INFO: [Synth 8-3354] encoded FSM with state register 'state_reg' using encoding 'sequential' in module 'uart_rx'
---------------------------------------------------------------------------------------------------
                   State |                     New Encoding |                Previous Encoding 
---------------------------------------------------------------------------------------------------
                 TX_IDLE |                               00 |                               00
                TX_START |                               01 |                               01
                 TX_SEND |                               10 |                               10
                 TX_STOP |                               11 |                               11
---------------------------------------------------------------------------------------------------
INFO: [Synth 8-3354] encoded FSM with state register 'state_reg' using encoding 'sequential' in module 'uart_tx'
---------------------------------------------------------------------------------------------------
                   State |                     New Encoding |                Previous Encoding 
---------------------------------------------------------------------------------------------------
                    IDLE |                              001 |                               00
                    save |                              010 |                               01
                transmit |                              100 |                               10
---------------------------------------------------------------------------------------------------
INFO: [Synth 8-3354] encoded FSM with state register 'state_reg' using encoding 'one-hot' in module 'save_and_transmit'
---------------------------------------------------------------------------------
Finished RTL Optimization Phase 2 : Time (s): cpu = 00:04:06 ; elapsed = 00:04:20 . Memory (MB): peak = 3871.590 ; gain = 2589.301
---------------------------------------------------------------------------------


Incremental Synthesis Report Summary:

1. Incremental synthesis run: no

   Reason for not running incremental synthesis : Design change found in an area of the design that prevents previous synthesis information being used


INFO: [Synth 8-7130] Flow is switching to default flow due to incremental criteria not met. If you would like to alter this behaviour and have the flow terminate instead, please set the following parameter config_implementation {autoIncr.Synth.RejectBehavior Terminate}
---------------------------------------------------------------------------------
Start RTL Component Statistics 
---------------------------------------------------------------------------------
Detailed RTL Component Info : 
+---Adders : 
	   2 Input   18 Bit       Adders := 3     
	   2 Input   17 Bit       Adders := 2     
	   2 Input   16 Bit       Adders := 4     
	   2 Input   15 Bit       Adders := 8     
	   2 Input   14 Bit       Adders := 16    
	   2 Input   13 Bit       Adders := 32    
	   2 Input   12 Bit       Adders := 64    
	   2 Input   11 Bit       Adders := 128   
	   2 Input   10 Bit       Adders := 257   
	   2 Input    9 Bit       Adders := 1536  
	   3 Input    8 Bit       Adders := 1024  
	   2 Input    4 Bit       Adders := 91    
	   2 Input    3 Bit       Adders := 5     
	   2 Input    2 Bit       Adders := 1     
+---Registers : 
	               20 Bit    Registers := 1     
	               18 Bit    Registers := 2     
	               16 Bit    Registers := 1     
	               10 Bit    Registers := 2     
	                8 Bit    Registers := 3074  
	                3 Bit    Registers := 4     
	                2 Bit    Registers := 2     
	                1 Bit    Registers := 5     
+---Muxes : 
	   9 Input 1024 Bit        Muxes := 2     
	   2 Input   23 Bit        Muxes := 6     
	   2 Input   20 Bit        Muxes := 1     
	   4 Input   16 Bit        Muxes := 1     
	   3 Input   16 Bit        Muxes := 1     
	   2 Input   16 Bit        Muxes := 1     
	   2 Input    8 Bit        Muxes := 4097  
	   9 Input    8 Bit        Muxes := 1025  
	  16 Input    7 Bit        Muxes := 6     
	   2 Input    7 Bit        Muxes := 6     
	  10 Input    4 Bit        Muxes := 1     
	   2 Input    4 Bit        Muxes := 75    
	  16 Input    4 Bit        Muxes := 6     
	   3 Input    3 Bit        Muxes := 1     
	   2 Input    3 Bit        Muxes := 3     
	   4 Input    3 Bit        Muxes := 3     
	   5 Input    3 Bit        Muxes := 1     
	   2 Input    2 Bit        Muxes := 5     
	   4 Input    2 Bit        Muxes := 1     
	   3 Input    1 Bit        Muxes := 2     
	   9 Input    1 Bit        Muxes := 3     
	   2 Input    1 Bit        Muxes := 10    
	   4 Input    1 Bit        Muxes := 7     
	   5 Input    1 Bit        Muxes := 1     
---------------------------------------------------------------------------------
Finished RTL Component Statistics 
---------------------------------------------------------------------------------
---------------------------------------------------------------------------------
Start Part Resource Summary
---------------------------------------------------------------------------------
Part Resources:
DSPs: 240 (col length:80)
BRAMs: 270 (col length: RAMB18 80 RAMB36 40)
---------------------------------------------------------------------------------
Finished Part Resource Summary
---------------------------------------------------------------------------------
---------------------------------------------------------------------------------
Start Cross Boundary and Area Optimization
---------------------------------------------------------------------------------
INFO: [Synth 8-5544] ROM "p_0_out" won't be mapped to Block RAM because address size (4) smaller than threshold (5)
INFO: [Synth 8-5544] ROM "p_0_out" won't be mapped to Block RAM because address size (4) smaller than threshold (5)
INFO: [Synth 8-5544] ROM "p_0_out" won't be mapped to Block RAM because address size (4) smaller than threshold (5)
INFO: [Synth 8-5544] ROM "p_0_out" won't be mapped to Block RAM because address size (4) smaller than threshold (5)
INFO: [Synth 8-5544] ROM "p_0_out" won't be mapped to Block RAM because address size (4) smaller than threshold (5)
INFO: [Synth 8-5544] ROM "p_0_out" won't be mapped to Block RAM because address size (4) smaller than threshold (5)
INFO: [Synth 8-5544] ROM "p_0_out" won't be mapped to Block RAM because address size (4) smaller than threshold (5)
INFO: [Synth 8-5544] ROM "p_0_out" won't be mapped to Block RAM because address size (4) smaller than threshold (5)
INFO: [Synth 8-5544] ROM "p_0_out" won't be mapped to Block RAM because address size (4) smaller than threshold (5)
INFO: [Synth 8-5544] ROM "p_0_out" won't be mapped to Block RAM because address size (4) smaller than threshold (5)
INFO: [Synth 8-5544] ROM "p_0_out" won't be mapped to Block RAM because address size (4) smaller than threshold (5)
INFO: [Synth 8-5544] ROM "p_0_out" won't be mapped to Block RAM because address size (4) smaller than threshold (5)
INFO: [Synth 8-3886] merging instance 'SevenSeg_logic/mode_reg[8]' (FDRE) to 'SevenSeg_logic/mode_reg[1]'
INFO: [Synth 8-3886] merging instance 'SevenSeg_logic/mode_reg[0]' (FDRE) to 'SevenSeg_logic/mode_reg[11]'
INFO: [Synth 8-3886] merging instance 'SevenSeg_logic/mode_reg[9]' (FDRE) to 'SevenSeg_logic/mode_reg[1]'
INFO: [Synth 8-3886] merging instance 'SevenSeg_logic/mode_reg[1]' (FDRE) to 'SevenSeg_logic/mode_reg[2]'
INFO: [Synth 8-3886] merging instance 'SevenSeg_logic/mode_reg[10]' (FDRE) to 'SevenSeg_logic/mode_reg[2]'
INFO: [Synth 8-3886] merging instance 'SevenSeg_logic/mode_reg[2]' (FDRE) to 'SevenSeg_logic/mode_reg[4]'
INFO: [Synth 8-3886] merging instance 'SevenSeg_logic/mode_reg[11]' (FDRE) to 'SevenSeg_logic/mode_reg[3]'
INFO: [Synth 8-3886] merging instance 'SevenSeg_logic/mode_reg[3]' (FDRE) to 'SevenSeg_logic/mode_reg[14]'
INFO: [Synth 8-3886] merging instance 'SevenSeg_logic/mode_reg[12]' (FDRE) to 'SevenSeg_logic/mode_reg[4]'
INFO: [Synth 8-3886] merging instance 'SevenSeg_logic/mode_reg[4]' (FDRE) to 'SevenSeg_logic/mode_reg[5]'
INFO: [Synth 8-3886] merging instance 'SevenSeg_logic/mode_reg[13]' (FDRE) to 'SevenSeg_logic/mode_reg[5]'
INFO: [Synth 8-3886] merging instance 'SevenSeg_logic/mode_reg[5]' (FDRE) to 'SevenSeg_logic/mode_reg[6]'
INFO: [Synth 8-3886] merging instance 'SevenSeg_logic/mode_reg[14]' (FDRE) to 'SevenSeg_logic/mode_reg[15]'
INFO: [Synth 8-3886] merging instance 'SevenSeg_logic/mode_reg[15]' (FDRE) to 'SevenSeg_logic/mode_reg[7]'
INFO: [Synth 8-3333] propagating constant 0 across sequential element (\SevenSeg_logic/mode_reg[7] )
---------------------------------------------------------------------------------
Finished Cross Boundary and Area Optimization : Time (s): cpu = 00:05:07 ; elapsed = 00:05:29 . Memory (MB): peak = 3871.590 ; gain = 2589.301
---------------------------------------------------------------------------------
---------------------------------------------------------------------------------
Start Applying XDC Timing Constraints
---------------------------------------------------------------------------------
---------------------------------------------------------------------------------
Finished Applying XDC Timing Constraints : Time (s): cpu = 00:05:20 ; elapsed = 00:05:42 . Memory (MB): peak = 3871.590 ; gain = 2589.301
---------------------------------------------------------------------------------
---------------------------------------------------------------------------------
Start Timing Optimization
---------------------------------------------------------------------------------
---------------------------------------------------------------------------------
Finished Timing Optimization : Time (s): cpu = 00:05:57 ; elapsed = 00:06:20 . Memory (MB): peak = 3871.590 ; gain = 2589.301
---------------------------------------------------------------------------------
---------------------------------------------------------------------------------
Start Technology Mapping
---------------------------------------------------------------------------------
---------------------------------------------------------------------------------
Finished Technology Mapping : Time (s): cpu = 00:07:06 ; elapsed = 00:07:38 . Memory (MB): peak = 3871.590 ; gain = 2589.301
---------------------------------------------------------------------------------
---------------------------------------------------------------------------------
Start IO Insertion
---------------------------------------------------------------------------------
---------------------------------------------------------------------------------
Start Flattening Before IO Insertion
---------------------------------------------------------------------------------
---------------------------------------------------------------------------------
Finished Flattening Before IO Insertion
---------------------------------------------------------------------------------
---------------------------------------------------------------------------------
Start Final Netlist Cleanup
---------------------------------------------------------------------------------
---------------------------------------------------------------------------------
Finished Final Netlist Cleanup
---------------------------------------------------------------------------------
---------------------------------------------------------------------------------
Finished IO Insertion : Time (s): cpu = 00:07:31 ; elapsed = 00:08:03 . Memory (MB): peak = 3871.590 ; gain = 2589.301
---------------------------------------------------------------------------------
---------------------------------------------------------------------------------
Start Renaming Generated Instances
---------------------------------------------------------------------------------
---------------------------------------------------------------------------------
Finished Renaming Generated Instances : Time (s): cpu = 00:09:18 ; elapsed = 00:09:51 . Memory (MB): peak = 3871.590 ; gain = 2589.301
---------------------------------------------------------------------------------
---------------------------------------------------------------------------------
Start Rebuilding User Hierarchy
---------------------------------------------------------------------------------
---------------------------------------------------------------------------------
Finished Rebuilding User Hierarchy : Time (s): cpu = 00:09:33 ; elapsed = 00:10:06 . Memory (MB): peak = 3871.590 ; gain = 2589.301
---------------------------------------------------------------------------------
---------------------------------------------------------------------------------
Start Renaming Generated Ports
---------------------------------------------------------------------------------
---------------------------------------------------------------------------------
Finished Renaming Generated Ports : Time (s): cpu = 00:09:33 ; elapsed = 00:10:06 . Memory (MB): peak = 3871.590 ; gain = 2589.301
---------------------------------------------------------------------------------
---------------------------------------------------------------------------------
Start Handling Custom Attributes
---------------------------------------------------------------------------------
---------------------------------------------------------------------------------
Finished Handling Custom Attributes : Time (s): cpu = 00:09:34 ; elapsed = 00:10:07 . Memory (MB): peak = 3871.590 ; gain = 2589.301
---------------------------------------------------------------------------------
---------------------------------------------------------------------------------
Start Renaming Generated Nets
---------------------------------------------------------------------------------
---------------------------------------------------------------------------------
Finished Renaming Generated Nets : Time (s): cpu = 00:09:35 ; elapsed = 00:10:08 . Memory (MB): peak = 3871.590 ; gain = 2589.301
---------------------------------------------------------------------------------
---------------------------------------------------------------------------------
Start Writing Synthesis Report
---------------------------------------------------------------------------------

Report BlackBoxes: 
+------+--------------+----------+
|      |BlackBox name |Instances |
+------+--------------+----------+
|1     |clk_wiz_0     |         1|
|2     |ila_0         |         1|
+------+--------------+----------+

Report Cell Usage: 
+------+--------+------+
|      |Cell    |Count |
+------+--------+------+
|1     |clk_wiz |     1|
|2     |ila     |     1|
|3     |CARRY4  |  9293|
|4     |LUT1    |    38|
|5     |LUT2    | 19086|
|6     |LUT3    | 16437|
|7     |LUT4    | 10228|
|8     |LUT5    | 20164|
|9     |LUT6    |  9968|
|10    |MUXF7   |  6264|
|11    |MUXF8   |   544|
|12    |FDRE    | 24749|
|13    |FDSE    |     9|
|14    |IBUF    |     2|
|15    |OBUF    |    17|
+------+--------+------+
---------------------------------------------------------------------------------
Finished Writing Synthesis Report : Time (s): cpu = 00:09:35 ; elapsed = 00:10:08 . Memory (MB): peak = 3871.590 ; gain = 2589.301
---------------------------------------------------------------------------------
Synthesis finished with 0 errors, 0 critical warnings and 1 warnings.
Synthesis Optimization Runtime : Time (s): cpu = 00:06:24 ; elapsed = 00:09:20 . Memory (MB): peak = 3871.590 ; gain = 2589.301
Synthesis Optimization Complete : Time (s): cpu = 00:09:35 ; elapsed = 00:10:09 . Memory (MB): peak = 3871.590 ; gain = 2589.301
INFO: [Project 1-571] Translating synthesized netlist
Netlist sorting complete. Time (s): cpu = 00:00:02 ; elapsed = 00:00:02 . Memory (MB): peak = 3871.590 ; gain = 0.000
INFO: [Netlist 29-17] Analyzing 16101 Unisim elements for replacement
INFO: [Netlist 29-28] Unisim Transformation completed in 2 CPU seconds
INFO: [Project 1-570] Preparing netlist for logic optimization
INFO: [Opt 31-138] Pushed 0 inverter(s) to 0 load pin(s).
Netlist sorting complete. Time (s): cpu = 00:00:00 ; elapsed = 00:00:00.034 . Memory (MB): peak = 3871.590 ; gain = 0.000
INFO: [Project 1-111] Unisim Transformation Summary:
No Unisim elements were transformed.

Synth Design complete, checksum: 9664bc4a
INFO: [Common 17-83] Releasing license: Synthesis
130 Infos, 2 Warnings, 0 Critical Warnings and 0 Errors encountered.
synth_design completed successfully
synth_design: Time (s): cpu = 00:10:15 ; elapsed = 00:10:51 . Memory (MB): peak = 3871.590 ; gain = 2589.301
INFO: [Common 17-600] The following parameters have non-default value.
tcl.collectionResultDisplayLimit
INFO: [Common 17-1381] The checkpoint 'D:/Archivos/Documentos/Universidad/2022.2/IPD432/Gitlab/Tarea_3_fullcomb/Tarea_3_fullcomb.runs/synth_2/device.dcp' has been generated.
write_checkpoint: Time (s): cpu = 00:00:17 ; elapsed = 00:00:18 . Memory (MB): peak = 3871.590 ; gain = 0.000
INFO: [runtcl-4] Executing : report_utilization -file device_utilization_synth.rpt -pb device_utilization_synth.pb
INFO: [Common 17-206] Exiting Vivado at Sun Jan  8 17:29:15 2023...
