
*** Running vivado
    with args -log device.vds -m64 -product Vivado -mode batch -messageDb vivado.pb -notrace -source device.tcl



****** Vivado v2022.1 (64-bit)
  **** SW Build 3526262 on Mon Apr 18 15:48:16 MDT 2022
  **** IP Build 3524634 on Mon Apr 18 20:55:01 MDT 2022
    ** Copyright 1986-2022 Xilinx, Inc. All Rights Reserved.

source device.tcl -notrace
Command: read_checkpoint -auto_incremental -incremental D:/Archivos/Documentos/Universidad/2022.2/IPD432/Gitlab/Tarea_3/Tarea_3.srcs/utils_1/imports/synth_1/device.dcp
INFO: [Vivado 12-5825] Read reference checkpoint from D:/Archivos/Documentos/Universidad/2022.2/IPD432/Gitlab/Tarea_3/Tarea_3.srcs/utils_1/imports/synth_1/device.dcp for incremental synthesis
INFO: [Vivado 12-7989] Please ensure there are no constraint changes
Command: synth_design -top device -part xc7a100tcsg324-1
Starting synth_design
Attempting to get a license for feature 'Synthesis' and/or device 'xc7a100t'
INFO: [Common 17-349] Got license for feature 'Synthesis' and/or device 'xc7a100t'
INFO: [Device 21-403] Loading part xc7a100tcsg324-1
INFO: [Designutils 20-5440] No compile time benefit to using incremental synthesis; A full resynthesis will be run
INFO: [Designutils 20-4379] Flow is switching to default flow due to incremental criteria not met. If you would like to alter this behaviour and have the flow terminate instead, please set the following parameter config_implementation {autoIncr.Synth.RejectBehavior Terminate}
INFO: [Synth 8-7079] Multithreading enabled for synth_design using a maximum of 2 processes.
INFO: [Synth 8-7078] Launching helper process for spawning children vivado processes
INFO: [Synth 8-7075] Helper process launched with PID 9240
---------------------------------------------------------------------------------
Starting RTL Elaboration : Time (s): cpu = 00:00:05 ; elapsed = 00:00:05 . Memory (MB): peak = 1281.918 ; gain = 0.000
---------------------------------------------------------------------------------
INFO: [Synth 8-6157] synthesizing module 'device' [D:/Archivos/Documentos/Universidad/2022.2/IPD432/Gitlab/Tarea_3/Tarea_3.srcs/sources_1/imports/sources_1/device.sv:2]
INFO: [Synth 8-6157] synthesizing module 'clk_wiz_0' [D:/Archivos/Documentos/Universidad/2022.2/IPD432/Gitlab/Tarea_3/Tarea_3.runs/synth_1/.Xil/Vivado-11684-LAPTOP-VMLVOQLM/realtime/clk_wiz_0_stub.v:5]
INFO: [Synth 8-6155] done synthesizing module 'clk_wiz_0' (0#1) [D:/Archivos/Documentos/Universidad/2022.2/IPD432/Gitlab/Tarea_3/Tarea_3.runs/synth_1/.Xil/Vivado-11684-LAPTOP-VMLVOQLM/realtime/clk_wiz_0_stub.v:5]
INFO: [Synth 8-6157] synthesizing module 'uart_basic' [D:/Archivos/Documentos/Universidad/2022.2/IPD432/Gitlab/Tarea_3/Tarea_3.srcs/sources_1/imports/sources_1/uart_basic.v:10]
	Parameter CLK_FREQUENCY bound to: 100000000 - type: integer 
	Parameter BAUD_RATE bound to: 115200 - type: integer 
INFO: [Synth 8-6157] synthesizing module 'uart_baud_tick_gen' [D:/Archivos/Documentos/Universidad/2022.2/IPD432/Gitlab/Tarea_3/Tarea_3.srcs/sources_1/imports/sources_1/uart_baud_tick_gen.v:11]
	Parameter CLK_FREQUENCY bound to: 100000000 - type: integer 
	Parameter BAUD_RATE bound to: 115200 - type: integer 
	Parameter OVERSAMPLING bound to: 8 - type: integer 
INFO: [Synth 8-6155] done synthesizing module 'uart_baud_tick_gen' (0#1) [D:/Archivos/Documentos/Universidad/2022.2/IPD432/Gitlab/Tarea_3/Tarea_3.srcs/sources_1/imports/sources_1/uart_baud_tick_gen.v:11]
INFO: [Synth 8-6157] synthesizing module 'uart_rx' [D:/Archivos/Documentos/Universidad/2022.2/IPD432/Gitlab/Tarea_3/Tarea_3.srcs/sources_1/imports/sources_1/uart_rx.v:10]
INFO: [Synth 8-6157] synthesizing module 'data_sync' [D:/Archivos/Documentos/Universidad/2022.2/IPD432/Gitlab/Tarea_3/Tarea_3.srcs/sources_1/imports/sources_1/data_sync.v:11]
INFO: [Synth 8-6155] done synthesizing module 'data_sync' (0#1) [D:/Archivos/Documentos/Universidad/2022.2/IPD432/Gitlab/Tarea_3/Tarea_3.srcs/sources_1/imports/sources_1/data_sync.v:11]
INFO: [Synth 8-155] case statement is not full and has no default [D:/Archivos/Documentos/Universidad/2022.2/IPD432/Gitlab/Tarea_3/Tarea_3.srcs/sources_1/imports/sources_1/uart_rx.v:78]
INFO: [Synth 8-6155] done synthesizing module 'uart_rx' (0#1) [D:/Archivos/Documentos/Universidad/2022.2/IPD432/Gitlab/Tarea_3/Tarea_3.srcs/sources_1/imports/sources_1/uart_rx.v:10]
INFO: [Synth 8-6157] synthesizing module 'uart_baud_tick_gen__parameterized0' [D:/Archivos/Documentos/Universidad/2022.2/IPD432/Gitlab/Tarea_3/Tarea_3.srcs/sources_1/imports/sources_1/uart_baud_tick_gen.v:11]
	Parameter CLK_FREQUENCY bound to: 100000000 - type: integer 
	Parameter BAUD_RATE bound to: 115200 - type: integer 
	Parameter OVERSAMPLING bound to: 1 - type: integer 
INFO: [Synth 8-6155] done synthesizing module 'uart_baud_tick_gen__parameterized0' (0#1) [D:/Archivos/Documentos/Universidad/2022.2/IPD432/Gitlab/Tarea_3/Tarea_3.srcs/sources_1/imports/sources_1/uart_baud_tick_gen.v:11]
INFO: [Synth 8-6157] synthesizing module 'uart_tx' [D:/Archivos/Documentos/Universidad/2022.2/IPD432/Gitlab/Tarea_3/Tarea_3.srcs/sources_1/imports/sources_1/uart_tx.v:10]
INFO: [Synth 8-6155] done synthesizing module 'uart_tx' (0#1) [D:/Archivos/Documentos/Universidad/2022.2/IPD432/Gitlab/Tarea_3/Tarea_3.srcs/sources_1/imports/sources_1/uart_tx.v:10]
INFO: [Synth 8-6155] done synthesizing module 'uart_basic' (0#1) [D:/Archivos/Documentos/Universidad/2022.2/IPD432/Gitlab/Tarea_3/Tarea_3.srcs/sources_1/imports/sources_1/uart_basic.v:10]
INFO: [Synth 8-6157] synthesizing module 'counter_with_inc' [D:/Archivos/Documentos/Universidad/2022.2/IPD432/Gitlab/Tarea_3/Tarea_3.srcs/sources_1/imports/sources_1/counter_with_inc.sv:1]
	Parameter n bound to: 2 - type: integer 
INFO: [Synth 8-6155] done synthesizing module 'counter_with_inc' (0#1) [D:/Archivos/Documentos/Universidad/2022.2/IPD432/Gitlab/Tarea_3/Tarea_3.srcs/sources_1/imports/sources_1/counter_with_inc.sv:1]
INFO: [Synth 8-6157] synthesizing module 'byte_to_mem' [D:/Archivos/Documentos/Universidad/2022.2/IPD432/Gitlab/Tarea_3/Tarea_3.srcs/sources_1/new/byte_to_mem.sv:1]
	Parameter WIDTH bound to: 4 - type: integer 
	Parameter DEEPTH bound to: 8 - type: integer 
INFO: [Synth 8-6155] done synthesizing module 'byte_to_mem' (0#1) [D:/Archivos/Documentos/Universidad/2022.2/IPD432/Gitlab/Tarea_3/Tarea_3.srcs/sources_1/new/byte_to_mem.sv:1]
INFO: [Synth 8-6157] synthesizing module 'DRAM' [D:/Archivos/Documentos/Universidad/2022.2/IPD432/Gitlab/Tarea_3/Tarea_3.srcs/sources_1/new/DRAM.sv:1]
	Parameter WIDTH bound to: 4 - type: integer 
	Parameter DEEPTH bound to: 8 - type: integer 
INFO: [Synth 8-6155] done synthesizing module 'DRAM' (0#1) [D:/Archivos/Documentos/Universidad/2022.2/IPD432/Gitlab/Tarea_3/Tarea_3.srcs/sources_1/new/DRAM.sv:1]
INFO: [Synth 8-6157] synthesizing module 'mem_to_byte' [D:/Archivos/Documentos/Universidad/2022.2/IPD432/Gitlab/Tarea_3/Tarea_3.srcs/sources_1/new/mem_to_byte.sv:1]
	Parameter WIDTH bound to: 4 - type: integer 
	Parameter DEEPTH bound to: 8 - type: integer 
INFO: [Synth 8-6155] done synthesizing module 'mem_to_byte' (0#1) [D:/Archivos/Documentos/Universidad/2022.2/IPD432/Gitlab/Tarea_3/Tarea_3.srcs/sources_1/new/mem_to_byte.sv:1]
INFO: [Synth 8-6157] synthesizing module 'save_and_transmit' [D:/Archivos/Documentos/Universidad/2022.2/IPD432/Gitlab/Tarea_3/Tarea_3.srcs/sources_1/new/save_and_transmit.sv:1]
	Parameter WIDTH bound to: 4 - type: integer 
	Parameter DEEPTH bound to: 8 - type: integer 
INFO: [Synth 8-155] case statement is not full and has no default [D:/Archivos/Documentos/Universidad/2022.2/IPD432/Gitlab/Tarea_3/Tarea_3.srcs/sources_1/new/save_and_transmit.sv:21]
INFO: [Synth 8-6155] done synthesizing module 'save_and_transmit' (0#1) [D:/Archivos/Documentos/Universidad/2022.2/IPD432/Gitlab/Tarea_3/Tarea_3.srcs/sources_1/new/save_and_transmit.sv:1]
INFO: [Synth 8-6157] synthesizing module 'info_to_7seg' [D:/Archivos/Documentos/Universidad/2022.2/IPD432/Gitlab/Tarea_3/Tarea_3.srcs/sources_1/imports/sources_1/info_to_7seg.sv:1]
INFO: [Synth 8-6157] synthesizing module 'bin2bcd' [D:/Archivos/Documentos/Universidad/2022.2/IPD432/Gitlab/Tarea_3/Tarea_3.srcs/sources_1/imports/sources_1/double_dabble.v:1]
INFO: [Synth 8-6155] done synthesizing module 'bin2bcd' (0#1) [D:/Archivos/Documentos/Universidad/2022.2/IPD432/Gitlab/Tarea_3/Tarea_3.srcs/sources_1/imports/sources_1/double_dabble.v:1]
INFO: [Synth 8-6157] synthesizing module 'bcd2seg' [D:/Archivos/Documentos/Universidad/2022.2/IPD432/Gitlab/Tarea_3/Tarea_3.srcs/sources_1/imports/sources_1/BCD.sv:3]
INFO: [Synth 8-226] default block is never used [D:/Archivos/Documentos/Universidad/2022.2/IPD432/Gitlab/Tarea_3/Tarea_3.srcs/sources_1/imports/sources_1/BCD.sv:11]
INFO: [Synth 8-6155] done synthesizing module 'bcd2seg' (0#1) [D:/Archivos/Documentos/Universidad/2022.2/IPD432/Gitlab/Tarea_3/Tarea_3.srcs/sources_1/imports/sources_1/BCD.sv:3]
INFO: [Synth 8-6157] synthesizing module 'multiplexing' [D:/Archivos/Documentos/Universidad/2022.2/IPD432/Gitlab/Tarea_3/Tarea_3.srcs/sources_1/imports/sources_1/Multiplexing.sv:3]
	Parameter freq bound to: 120 - type: integer 
INFO: [Synth 8-6157] synthesizing module 'timer' [D:/Archivos/Documentos/Universidad/2022.2/IPD432/Gitlab/Tarea_3/Tarea_3.srcs/sources_1/imports/sources_1/timer.sv:1]
	Parameter n_clycles_count bound to: 104166 - type: integer 
INFO: [Synth 8-6155] done synthesizing module 'timer' (0#1) [D:/Archivos/Documentos/Universidad/2022.2/IPD432/Gitlab/Tarea_3/Tarea_3.srcs/sources_1/imports/sources_1/timer.sv:1]
INFO: [Synth 8-6157] synthesizing module 'counter_with_inc__parameterized0' [D:/Archivos/Documentos/Universidad/2022.2/IPD432/Gitlab/Tarea_3/Tarea_3.srcs/sources_1/imports/sources_1/counter_with_inc.sv:1]
	Parameter n bound to: 3 - type: integer 
INFO: [Synth 8-6155] done synthesizing module 'counter_with_inc__parameterized0' (0#1) [D:/Archivos/Documentos/Universidad/2022.2/IPD432/Gitlab/Tarea_3/Tarea_3.srcs/sources_1/imports/sources_1/counter_with_inc.sv:1]
INFO: [Synth 8-226] default block is never used [D:/Archivos/Documentos/Universidad/2022.2/IPD432/Gitlab/Tarea_3/Tarea_3.srcs/sources_1/imports/sources_1/Multiplexing.sv:33]
INFO: [Synth 8-226] default block is never used [D:/Archivos/Documentos/Universidad/2022.2/IPD432/Gitlab/Tarea_3/Tarea_3.srcs/sources_1/imports/sources_1/Multiplexing.sv:44]
INFO: [Synth 8-6155] done synthesizing module 'multiplexing' (0#1) [D:/Archivos/Documentos/Universidad/2022.2/IPD432/Gitlab/Tarea_3/Tarea_3.srcs/sources_1/imports/sources_1/Multiplexing.sv:3]
INFO: [Synth 8-6155] done synthesizing module 'info_to_7seg' (0#1) [D:/Archivos/Documentos/Universidad/2022.2/IPD432/Gitlab/Tarea_3/Tarea_3.srcs/sources_1/imports/sources_1/info_to_7seg.sv:1]
INFO: [Synth 8-6157] synthesizing module 'n_bit_multiadder' [D:/Archivos/Documentos/Universidad/2022.2/IPD432/Gitlab/Tarea_3/Tarea_3.srcs/sources_1/new/n_bit_multiadder.sv:1]
	Parameter WIDTH bound to: 4 - type: integer 
	Parameter DEEPTH bound to: 8 - type: integer 
INFO: [Synth 8-6155] done synthesizing module 'n_bit_multiadder' (0#1) [D:/Archivos/Documentos/Universidad/2022.2/IPD432/Gitlab/Tarea_3/Tarea_3.srcs/sources_1/new/n_bit_multiadder.sv:1]
INFO: [Synth 8-6157] synthesizing module 'SumVecOperation' [D:/Archivos/Documentos/Universidad/2022.2/IPD432/Gitlab/Tarea_3/Tarea_3.srcs/sources_1/imports/sources_1/SumVecOperation.sv:1]
	Parameter WIDTH bound to: 4 - type: integer 
	Parameter DEEPTH bound to: 8 - type: integer 
INFO: [Synth 8-6155] done synthesizing module 'SumVecOperation' (0#1) [D:/Archivos/Documentos/Universidad/2022.2/IPD432/Gitlab/Tarea_3/Tarea_3.srcs/sources_1/imports/sources_1/SumVecOperation.sv:1]
INFO: [Synth 8-6157] synthesizing module 'AvgVecOperation' [D:/Archivos/Documentos/Universidad/2022.2/IPD432/Gitlab/Tarea_3/Tarea_3.srcs/sources_1/imports/sources_1/AvgVecOperation.sv:1]
	Parameter WIDTH bound to: 4 - type: integer 
	Parameter DEEPTH bound to: 8 - type: integer 
INFO: [Synth 8-6155] done synthesizing module 'AvgVecOperation' (0#1) [D:/Archivos/Documentos/Universidad/2022.2/IPD432/Gitlab/Tarea_3/Tarea_3.srcs/sources_1/imports/sources_1/AvgVecOperation.sv:1]
INFO: [Synth 8-6157] synthesizing module 'ManDisOperation' [D:/Archivos/Documentos/Universidad/2022.2/IPD432/Gitlab/Tarea_3/Tarea_3.srcs/sources_1/imports/sources_1/ManDisOperation.sv:1]
	Parameter WIDTH bound to: 4 - type: integer 
	Parameter DEEPTH bound to: 8 - type: integer 
INFO: [Synth 8-6157] synthesizing module 'adder_tree' [D:/Archivos/Documentos/Universidad/2022.2/IPD432/Gitlab/Tarea_3/Tarea_3.srcs/sources_1/new/adder_tree.sv:2]
	Parameter WIDTH bound to: 4 - type: integer 
	Parameter DEEPTH bound to: 8 - type: integer 
	Parameter LENGTH bound to: 10 - type: integer 
INFO: [Synth 8-6157] synthesizing module 'adder_tree__parameterized0' [D:/Archivos/Documentos/Universidad/2022.2/IPD432/Gitlab/Tarea_3/Tarea_3.srcs/sources_1/new/adder_tree.sv:2]
	Parameter WIDTH bound to: 2 - type: integer 
	Parameter DEEPTH bound to: 9 - type: integer 
INFO: [Synth 8-6155] done synthesizing module 'adder_tree__parameterized0' (0#1) [D:/Archivos/Documentos/Universidad/2022.2/IPD432/Gitlab/Tarea_3/Tarea_3.srcs/sources_1/new/adder_tree.sv:2]
INFO: [Synth 8-6155] done synthesizing module 'adder_tree' (0#1) [D:/Archivos/Documentos/Universidad/2022.2/IPD432/Gitlab/Tarea_3/Tarea_3.srcs/sources_1/new/adder_tree.sv:2]
INFO: [Synth 8-6155] done synthesizing module 'ManDisOperation' (0#1) [D:/Archivos/Documentos/Universidad/2022.2/IPD432/Gitlab/Tarea_3/Tarea_3.srcs/sources_1/imports/sources_1/ManDisOperation.sv:1]
INFO: [Synth 8-155] case statement is not full and has no default [D:/Archivos/Documentos/Universidad/2022.2/IPD432/Gitlab/Tarea_3/Tarea_3.srcs/sources_1/imports/sources_1/device.sv:184]
INFO: [Synth 8-6155] done synthesizing module 'device' (0#1) [D:/Archivos/Documentos/Universidad/2022.2/IPD432/Gitlab/Tarea_3/Tarea_3.srcs/sources_1/imports/sources_1/device.sv:2]
WARNING: [Synth 8-7129] Port comp_adder[3][0] in module AvgVecOperation is either unconnected or has no load
WARNING: [Synth 8-7129] Port comp_adder[2][0] in module AvgVecOperation is either unconnected or has no load
WARNING: [Synth 8-7129] Port comp_adder[1][0] in module AvgVecOperation is either unconnected or has no load
WARNING: [Synth 8-7129] Port comp_adder[0][0] in module AvgVecOperation is either unconnected or has no load
WARNING: [Synth 8-7129] Port comp_adder[3][8] in module SumVecOperation is either unconnected or has no load
WARNING: [Synth 8-7129] Port comp_adder[2][8] in module SumVecOperation is either unconnected or has no load
WARNING: [Synth 8-7129] Port comp_adder[1][8] in module SumVecOperation is either unconnected or has no load
WARNING: [Synth 8-7129] Port comp_adder[0][8] in module SumVecOperation is either unconnected or has no load
---------------------------------------------------------------------------------
Finished RTL Elaboration : Time (s): cpu = 00:00:08 ; elapsed = 00:00:08 . Memory (MB): peak = 1281.918 ; gain = 0.000
---------------------------------------------------------------------------------
---------------------------------------------------------------------------------
Start Handling Custom Attributes
---------------------------------------------------------------------------------
---------------------------------------------------------------------------------
Finished Handling Custom Attributes : Time (s): cpu = 00:00:08 ; elapsed = 00:00:08 . Memory (MB): peak = 1281.918 ; gain = 0.000
---------------------------------------------------------------------------------
---------------------------------------------------------------------------------
Finished RTL Optimization Phase 1 : Time (s): cpu = 00:00:08 ; elapsed = 00:00:08 . Memory (MB): peak = 1281.918 ; gain = 0.000
---------------------------------------------------------------------------------
Netlist sorting complete. Time (s): cpu = 00:00:00 ; elapsed = 00:00:00.020 . Memory (MB): peak = 1281.918 ; gain = 0.000
INFO: [Project 1-570] Preparing netlist for logic optimization

Processing XDC Constraints
Initializing timing engine
Parsing XDC File [d:/Archivos/Documentos/Universidad/2022.2/IPD432/Gitlab/Tarea_3/Tarea_3.gen/sources_1/ip/clk_wiz_0/clk_wiz_0/clk_wiz_0_in_context.xdc] for cell 'clock_magnement'
Finished Parsing XDC File [d:/Archivos/Documentos/Universidad/2022.2/IPD432/Gitlab/Tarea_3/Tarea_3.gen/sources_1/ip/clk_wiz_0/clk_wiz_0/clk_wiz_0_in_context.xdc] for cell 'clock_magnement'
Parsing XDC File [D:/Archivos/Documentos/Universidad/2022.2/IPD432/Gitlab/Tarea_3/Tarea_3.srcs/constrs_1/imports/constrs_1/Nexys-A7-100T-Master.xdc]
Finished Parsing XDC File [D:/Archivos/Documentos/Universidad/2022.2/IPD432/Gitlab/Tarea_3/Tarea_3.srcs/constrs_1/imports/constrs_1/Nexys-A7-100T-Master.xdc]
INFO: [Project 1-236] Implementation specific constraints were found while reading constraint file [D:/Archivos/Documentos/Universidad/2022.2/IPD432/Gitlab/Tarea_3/Tarea_3.srcs/constrs_1/imports/constrs_1/Nexys-A7-100T-Master.xdc]. These constraints will be ignored for synthesis but will be used in implementation. Impacted constraints are listed in the file [.Xil/device_propImpl.xdc].
Resolution: To avoid this warning, move constraints listed in [.Xil/device_propImpl.xdc] to another XDC file and exclude this new file from synthesis with the used_in_synthesis property (File Properties dialog in GUI) and re-run elaboration/synthesis.
Completed Processing XDC Constraints

Netlist sorting complete. Time (s): cpu = 00:00:00 ; elapsed = 00:00:00 . Memory (MB): peak = 1346.102 ; gain = 0.000
INFO: [Project 1-111] Unisim Transformation Summary:
No Unisim elements were transformed.

Constraint Validation Runtime : Time (s): cpu = 00:00:00 ; elapsed = 00:00:00.005 . Memory (MB): peak = 1346.102 ; gain = 0.000
INFO: [Designutils 20-5440] No compile time benefit to using incremental synthesis; A full resynthesis will be run
INFO: [Designutils 20-4379] Flow is switching to default flow due to incremental criteria not met. If you would like to alter this behaviour and have the flow terminate instead, please set the following parameter config_implementation {autoIncr.Synth.RejectBehavior Terminate}
---------------------------------------------------------------------------------
Finished Constraint Validation : Time (s): cpu = 00:00:15 ; elapsed = 00:00:15 . Memory (MB): peak = 1346.102 ; gain = 64.184
---------------------------------------------------------------------------------
---------------------------------------------------------------------------------
Start Loading Part and Timing Information
---------------------------------------------------------------------------------
Loading part: xc7a100tcsg324-1
---------------------------------------------------------------------------------
Finished Loading Part and Timing Information : Time (s): cpu = 00:00:15 ; elapsed = 00:00:16 . Memory (MB): peak = 1346.102 ; gain = 64.184
---------------------------------------------------------------------------------
---------------------------------------------------------------------------------
Start Applying 'set_property' XDC Constraints
---------------------------------------------------------------------------------
Applied set_property IO_BUFFER_TYPE = NONE for CLK100MHZ. (constraint file  d:/Archivos/Documentos/Universidad/2022.2/IPD432/Gitlab/Tarea_3/Tarea_3.gen/sources_1/ip/clk_wiz_0/clk_wiz_0/clk_wiz_0_in_context.xdc, line 3).
Applied set_property CLOCK_BUFFER_TYPE = NONE for CLK100MHZ. (constraint file  d:/Archivos/Documentos/Universidad/2022.2/IPD432/Gitlab/Tarea_3/Tarea_3.gen/sources_1/ip/clk_wiz_0/clk_wiz_0/clk_wiz_0_in_context.xdc, line 4).
Applied set_property KEEP_HIERARCHY = SOFT for clock_magnement. (constraint file  auto generated constraint).
---------------------------------------------------------------------------------
Finished applying 'set_property' XDC Constraints : Time (s): cpu = 00:00:15 ; elapsed = 00:00:16 . Memory (MB): peak = 1346.102 ; gain = 64.184
---------------------------------------------------------------------------------
INFO: [Synth 8-802] inferred FSM for state register 'state_reg' in module 'uart_rx'
INFO: [Synth 8-802] inferred FSM for state register 'state_reg' in module 'uart_tx'
INFO: [Synth 8-802] inferred FSM for state register 'state_reg' in module 'save_and_transmit'
---------------------------------------------------------------------------------------------------
                   State |                     New Encoding |                Previous Encoding 
---------------------------------------------------------------------------------------------------
                 RX_IDLE |                              000 |                              000
                RX_START |                              001 |                              001
                 RX_RECV |                              010 |                              010
                 RX_STOP |                              011 |                              011
                RX_READY |                              100 |                              100
---------------------------------------------------------------------------------------------------
INFO: [Synth 8-3354] encoded FSM with state register 'state_reg' using encoding 'sequential' in module 'uart_rx'
---------------------------------------------------------------------------------------------------
                   State |                     New Encoding |                Previous Encoding 
---------------------------------------------------------------------------------------------------
                 TX_IDLE |                               00 |                               00
                TX_START |                               01 |                               01
                 TX_SEND |                               10 |                               10
                 TX_STOP |                               11 |                               11
---------------------------------------------------------------------------------------------------
INFO: [Synth 8-3354] encoded FSM with state register 'state_reg' using encoding 'sequential' in module 'uart_tx'
---------------------------------------------------------------------------------------------------
                   State |                     New Encoding |                Previous Encoding 
---------------------------------------------------------------------------------------------------
                    IDLE |                              001 |                               00
                    save |                              010 |                               01
                transmit |                              100 |                               10
---------------------------------------------------------------------------------------------------
INFO: [Synth 8-3354] encoded FSM with state register 'state_reg' using encoding 'one-hot' in module 'save_and_transmit'
---------------------------------------------------------------------------------
Finished RTL Optimization Phase 2 : Time (s): cpu = 00:00:16 ; elapsed = 00:00:17 . Memory (MB): peak = 1346.102 ; gain = 64.184
---------------------------------------------------------------------------------
---------------------------------------------------------------------------------
Start RTL Component Statistics 
---------------------------------------------------------------------------------
Detailed RTL Component Info : 
+---Adders : 
	   2 Input   19 Bit       Adders := 2     
	   2 Input   10 Bit       Adders := 1     
	   2 Input    9 Bit       Adders := 6     
	   3 Input    8 Bit       Adders := 4     
	   2 Input    4 Bit       Adders := 67    
	   2 Input    3 Bit       Adders := 5     
	   2 Input    2 Bit       Adders := 2     
+---Registers : 
	               20 Bit    Registers := 1     
	               19 Bit    Registers := 2     
	               16 Bit    Registers := 1     
	                8 Bit    Registers := 14    
	                4 Bit    Registers := 1     
	                3 Bit    Registers := 4     
	                2 Bit    Registers := 4     
	                1 Bit    Registers := 6     
+---Muxes : 
	   2 Input   23 Bit        Muxes := 2     
	   3 Input   20 Bit        Muxes := 1     
	   5 Input   16 Bit        Muxes := 1     
	   4 Input   16 Bit        Muxes := 1     
	   3 Input   16 Bit        Muxes := 1     
	   4 Input    8 Bit        Muxes := 1     
	   9 Input    8 Bit        Muxes := 3     
	   2 Input    8 Bit        Muxes := 13    
	   6 Input    8 Bit        Muxes := 1     
	  16 Input    7 Bit        Muxes := 6     
	   2 Input    7 Bit        Muxes := 6     
	   2 Input    4 Bit        Muxes := 55    
	  16 Input    4 Bit        Muxes := 6     
	  10 Input    4 Bit        Muxes := 1     
	   9 Input    4 Bit        Muxes := 2     
	   4 Input    3 Bit        Muxes := 3     
	   5 Input    3 Bit        Muxes := 1     
	   2 Input    3 Bit        Muxes := 4     
	   3 Input    3 Bit        Muxes := 1     
	   9 Input    3 Bit        Muxes := 1     
	   2 Input    2 Bit        Muxes := 5     
	   4 Input    2 Bit        Muxes := 1     
	   2 Input    1 Bit        Muxes := 7     
	   3 Input    1 Bit        Muxes := 5     
	   4 Input    1 Bit        Muxes := 7     
	   5 Input    1 Bit        Muxes := 1     
	   9 Input    1 Bit        Muxes := 3     
---------------------------------------------------------------------------------
Finished RTL Component Statistics 
---------------------------------------------------------------------------------
---------------------------------------------------------------------------------
Start Part Resource Summary
---------------------------------------------------------------------------------
Part Resources:
DSPs: 240 (col length:80)
BRAMs: 270 (col length: RAMB18 80 RAMB36 40)
---------------------------------------------------------------------------------
Finished Part Resource Summary
---------------------------------------------------------------------------------
---------------------------------------------------------------------------------
Start Cross Boundary and Area Optimization
---------------------------------------------------------------------------------
WARNING: [Synth 8-7080] Parallel synthesis criteria is not met
---------------------------------------------------------------------------------
Finished Cross Boundary and Area Optimization : Time (s): cpu = 00:00:21 ; elapsed = 00:00:22 . Memory (MB): peak = 1346.102 ; gain = 64.184
---------------------------------------------------------------------------------
---------------------------------------------------------------------------------
Start Applying XDC Timing Constraints
---------------------------------------------------------------------------------
---------------------------------------------------------------------------------
Finished Applying XDC Timing Constraints : Time (s): cpu = 00:00:27 ; elapsed = 00:00:27 . Memory (MB): peak = 1346.102 ; gain = 64.184
---------------------------------------------------------------------------------
---------------------------------------------------------------------------------
Start Timing Optimization
---------------------------------------------------------------------------------
---------------------------------------------------------------------------------
Finished Timing Optimization : Time (s): cpu = 00:00:28 ; elapsed = 00:00:29 . Memory (MB): peak = 1346.102 ; gain = 64.184
---------------------------------------------------------------------------------
---------------------------------------------------------------------------------
Start Technology Mapping
---------------------------------------------------------------------------------
---------------------------------------------------------------------------------
Finished Technology Mapping : Time (s): cpu = 00:00:29 ; elapsed = 00:00:29 . Memory (MB): peak = 1346.102 ; gain = 64.184
---------------------------------------------------------------------------------
---------------------------------------------------------------------------------
Start IO Insertion
---------------------------------------------------------------------------------
---------------------------------------------------------------------------------
Start Flattening Before IO Insertion
---------------------------------------------------------------------------------
---------------------------------------------------------------------------------
Finished Flattening Before IO Insertion
---------------------------------------------------------------------------------
---------------------------------------------------------------------------------
Start Final Netlist Cleanup
---------------------------------------------------------------------------------
---------------------------------------------------------------------------------
Finished Final Netlist Cleanup
---------------------------------------------------------------------------------
---------------------------------------------------------------------------------
Finished IO Insertion : Time (s): cpu = 00:00:34 ; elapsed = 00:00:34 . Memory (MB): peak = 1346.102 ; gain = 64.184
---------------------------------------------------------------------------------
---------------------------------------------------------------------------------
Start Renaming Generated Instances
---------------------------------------------------------------------------------
---------------------------------------------------------------------------------
Finished Renaming Generated Instances : Time (s): cpu = 00:00:34 ; elapsed = 00:00:34 . Memory (MB): peak = 1346.102 ; gain = 64.184
---------------------------------------------------------------------------------
---------------------------------------------------------------------------------
Start Rebuilding User Hierarchy
---------------------------------------------------------------------------------
---------------------------------------------------------------------------------
Finished Rebuilding User Hierarchy : Time (s): cpu = 00:00:34 ; elapsed = 00:00:34 . Memory (MB): peak = 1346.102 ; gain = 64.184
---------------------------------------------------------------------------------
---------------------------------------------------------------------------------
Start Renaming Generated Ports
---------------------------------------------------------------------------------
---------------------------------------------------------------------------------
Finished Renaming Generated Ports : Time (s): cpu = 00:00:34 ; elapsed = 00:00:34 . Memory (MB): peak = 1346.102 ; gain = 64.184
---------------------------------------------------------------------------------
---------------------------------------------------------------------------------
Start Handling Custom Attributes
---------------------------------------------------------------------------------
---------------------------------------------------------------------------------
Finished Handling Custom Attributes : Time (s): cpu = 00:00:34 ; elapsed = 00:00:34 . Memory (MB): peak = 1346.102 ; gain = 64.184
---------------------------------------------------------------------------------
---------------------------------------------------------------------------------
Start Renaming Generated Nets
---------------------------------------------------------------------------------
---------------------------------------------------------------------------------
Finished Renaming Generated Nets : Time (s): cpu = 00:00:34 ; elapsed = 00:00:34 . Memory (MB): peak = 1346.102 ; gain = 64.184
---------------------------------------------------------------------------------
---------------------------------------------------------------------------------
Start Writing Synthesis Report
---------------------------------------------------------------------------------

Report BlackBoxes: 
+------+--------------+----------+
|      |BlackBox name |Instances |
+------+--------------+----------+
|1     |clk_wiz_0     |         1|
+------+--------------+----------+

Report Cell Usage: 
+------+--------+------+
|      |Cell    |Count |
+------+--------+------+
|1     |clk_wiz |     1|
|2     |CARRY4  |    47|
|3     |LUT1    |    12|
|4     |LUT2    |   121|
|5     |LUT3    |    44|
|6     |LUT4    |    80|
|7     |LUT5    |    67|
|8     |LUT6    |   126|
|9     |FDRE    |   211|
|10    |FDSE    |     6|
|11    |IBUF    |     2|
|12    |OBUF    |    17|
+------+--------+------+
---------------------------------------------------------------------------------
Finished Writing Synthesis Report : Time (s): cpu = 00:00:34 ; elapsed = 00:00:34 . Memory (MB): peak = 1346.102 ; gain = 64.184
---------------------------------------------------------------------------------
Synthesis finished with 0 errors, 0 critical warnings and 1 warnings.
Synthesis Optimization Runtime : Time (s): cpu = 00:00:24 ; elapsed = 00:00:32 . Memory (MB): peak = 1346.102 ; gain = 0.000
Synthesis Optimization Complete : Time (s): cpu = 00:00:34 ; elapsed = 00:00:35 . Memory (MB): peak = 1346.102 ; gain = 64.184
INFO: [Project 1-571] Translating synthesized netlist
Netlist sorting complete. Time (s): cpu = 00:00:00 ; elapsed = 00:00:00.015 . Memory (MB): peak = 1346.102 ; gain = 0.000
INFO: [Netlist 29-17] Analyzing 47 Unisim elements for replacement
INFO: [Netlist 29-28] Unisim Transformation completed in 0 CPU seconds
INFO: [Project 1-570] Preparing netlist for logic optimization
INFO: [Opt 31-140] Inserted 1 IBUFs to IO ports without IO buffers.
INFO: [Opt 31-138] Pushed 0 inverter(s) to 0 load pin(s).
Netlist sorting complete. Time (s): cpu = 00:00:00 ; elapsed = 00:00:00.001 . Memory (MB): peak = 1346.102 ; gain = 0.000
INFO: [Project 1-111] Unisim Transformation Summary:
No Unisim elements were transformed.

Synth Design complete, checksum: 9f16d9c0
INFO: [Common 17-83] Releasing license: Synthesis
84 Infos, 9 Warnings, 0 Critical Warnings and 0 Errors encountered.
synth_design completed successfully
synth_design: Time (s): cpu = 00:00:38 ; elapsed = 00:00:39 . Memory (MB): peak = 1346.102 ; gain = 64.184
INFO: [Common 17-1381] The checkpoint 'D:/Archivos/Documentos/Universidad/2022.2/IPD432/Gitlab/Tarea_3/Tarea_3.runs/synth_1/device.dcp' has been generated.
INFO: [runtcl-4] Executing : report_utilization -file device_utilization_synth.rpt -pb device_utilization_synth.pb
INFO: [Common 17-206] Exiting Vivado at Thu Jan  5 10:02:21 2023...
